Arguments: 
  C:\Program Files\nodejs\node.exe C:\Users\Hamaz\AppData\Roaming\npm\node_modules\yarn\bin\yarn.js add gatsby-plugin-material-ui

PATH: 
  C:\cmder\vendor\bin;C:\cmder\vendor\conemu-maximus5\ConEmu\Scripts;C:\cmder\vendor\conemu-maximus5;C:\cmder\vendor\conemu-maximus5\ConEmu;C:\ProgramData\Oracle\Java\javapath;C:\Program Files (x86)\Python38-32\Scripts\;C:\Program Files (x86)\Python38-32\;C:\WINDOWS\system32;C:\WINDOWS;C:\WINDOWS\System32\Wbem;C:\WINDOWS\System32\WindowsPowerShell\v1.0\;C:\WINDOWS\System32\OpenSSH\;C:\Program Files\Git\cmd;C:\Program Files\nodejs\;C:\Users\Hamaz\AppData\Local\Microsoft\WindowsApps;C:\Users\Hamaz\AppData\Local\Programs\Microsoft VS Code\bin;C:\MinGW\bin;C:\Users\Hamaz\AppData\Roaming\npm;C:\Program Files\Git\mingw64\bin;C:\Program Files\Git\usr\bin;C:\cmder

Yarn version: 
  1.22.4

Node version: 
  12.19.0

Platform: 
  win32 x64

Trace: 
  Error: https://registry.yarnpkg.com/date-fns/-/date-fns-2.16.1.tgz: ESOCKETTIMEDOUT
      at ClientRequest.<anonymous> (C:\Users\Hamaz\AppData\Roaming\npm\node_modules\yarn\lib\cli.js:141375:19)
      at Object.onceWrapper (events.js:420:28)
      at ClientRequest.emit (events.js:314:20)
      at TLSSocket.emitRequestTimeout (_http_client.js:716:9)
      at Object.onceWrapper (events.js:420:28)
      at TLSSocket.emit (events.js:326:22)
      at TLSSocket.Socket._onTimeout (net.js:484:8)
      at listOnTimeout (internal/timers.js:554:17)
      at processTimers (internal/timers.js:497:7)

npm manifest: 
  {
    "name": "gatsby-starter-minimal",
    "version": "1.0.0",
    "private": true,
    "description": "A Gatsby starter for running recipes and adding themes. It does not come with any pages.",
    "author": "Laurie Barth",
    "keywords": [
      "gatsby"
    ],
    "scripts": {
      "develop": "gatsby develop",
      "start": "gatsby develop",
      "build": "gatsby build",
      "clean": "gatsby clean"
    },
    "license": "0BSD",
    "dependencies": {
      "@typescript-eslint/eslint-plugin": "^4.5.0",
      "@typescript-eslint/parser": "^4.5.0",
      "gatsby": "^2.24.79",
      "gatsby-plugin-typescript": "^2.4.24",
      "react": "^16.13.1",
      "react-dom": "^16.13.1",
      "typescript": "^4.0.3"
    }
  }

yarn manifest: 
  No manifest

Lockfile: 
  No lockfile
